<?xml version="1.0" encoding="UTF-8"?>
<!-- Generated by org.testng.reporters.JUnitReportReporter -->
<testsuite hostname="DESKTOP-RSROOUO" failures="0" tests="1" name="stepDefinitions.SignInTest" time="4.801" errors="0" timestamp="2023-01-03T21:08:51 CET" skipped="0">
  <testcase classname="stepDefinitions.SignInTest" name="login" time="4.801"/>
  <system-out/>
</testsuite> <!-- stepDefinitions.SignInTest -->
