<?xml version="1.0" encoding="UTF-8"?>
<!-- Generated by org.testng.reporters.JUnitReportReporter -->
<testsuite hostname="DESKTOP-RSROOUO" failures="0" tests="4" name="runners.MagentoStoreCucumberRunner" time="75.534" errors="0" timestamp="2023-01-05T13:03:55 CET" skipped="0">
  <testcase classname="runners.MagentoStoreCucumberRunner" name="runScenario" time="16.281"/>
  <system-out/>
  <testcase classname="runners.MagentoStoreCucumberRunner" name="runScenario" time="17.395"/>
  <system-out/>
  <testcase classname="runners.MagentoStoreCucumberRunner" name="runScenario" time="25.815"/>
  <system-out/>
  <testcase classname="runners.MagentoStoreCucumberRunner" name="runScenario" time="16.043"/>
  <system-out/>
</testsuite> <!-- runners.MagentoStoreCucumberRunner -->
