<?xml version="1.0" encoding="UTF-8"?>
<!-- Generated by org.testng.reporters.JUnitReportReporter -->
<testsuite hostname="DESKTOP-RSROOUO" failures="0" tests="1" name="pageObjects.TestMagento" time="4.573" errors="0" timestamp="2023-01-05T11:22:16 CET" skipped="0">
  <testcase classname="pageObjects.TestMagento" name="testing" time="4.573"/>
  <system-out/>
</testsuite> <!-- pageObjects.TestMagento -->
